#
# A fatal error has been detected by the Java Runtime Environment:
#
#  EXCEPTION_ACCESS_VIOLATION (0xc0000005) at pc=0x00007ffd0e526407, pid=20716, tid=18392
#
# JRE version: OpenJDK Runtime Environment (19.0.2+7) (build 19.0.2+7-44)
# Java VM: OpenJDK 64-Bit Server VM (19.0.2+7-44, mixed mode, sharing, tiered, compressed oops, compressed class ptrs, g1 gc, windows-amd64)
# Problematic frame:
# C  [glass.dll+0x26407]
#
# No core dump will be written. Minidumps are not enabled by default on client versions of Windows
#
# If you would like to submit a bug report, please visit:
#   https://bugreport.java.com/bugreport/crash.jsp
#

---------------  S U M M A R Y ------------

Command Line: -Dfile.encoding=windows-1252 -Duser.country=US -Duser.language=en -Duser.variant --module-path=C:\Users\JKING.SEATINGCONCEPTS\IdeaProjects\LocalTicket\build\libs\LocalTicket-1.0-SNAPSHOT.jar;C:\Users\JKING.SEATINGCONCEPTS\IdeaProjects\LocalTicket\build\classes\java\main;C:\Users\JKING.SEATINGCONCEPTS\.gradle\caches\modules-2\files-2.1\org.openjfx\javafx-fxml\19.0.2\26eaef75197fa036624f61fe19e1f3a90089c1d4\javafx-fxml-19.0.2-win.jar;C:\Users\JKING.SEATINGCONCEPTS\.gradle\caches\modules-2\files-2.1\org.openjfx\javafx-controls\19.0.2\9bc2468448c2c6e8e56f6023fc6a9b5edc310676\javafx-controls-19.0.2-win.jar;C:\Users\JKING.SEATINGCONCEPTS\.gradle\caches\modules-2\files-2.1\org.openjfx\javafx-controls\19.0.2\9e0c1c543bc9d4ce4dc92e18849e065b15d550bd\javafx-controls-19.0.2.jar;C:\Users\JKING.SEATINGCONCEPTS\.gradle\caches\modules-2\files-2.1\org.openjfx\javafx-graphics\19.0.2\1115b4c69577f621e8ec0a52b925d267c1c1b4ec\javafx-graphics-19.0.2-win.jar;C:\Users\JKING.SEATINGCONCEPTS\.gradle\caches\modules-2\files-2.1\org.openjfx\javafx-graphics\19.0.2\fef4194305f4cb3c50437a389f18ee2b3df31444\javafx-graphics-19.0.2.jar;C:\Users\JKING.SEATINGCONCEPTS\.gradle\caches\modules-2\files-2.1\org.openjfx\javafx-base\19.0.2\2da75379d437ded92b6b39a43ec2ddbfdab85434\javafx-base-19.0.2-win.jar;C:\Users\JKING.SEATINGCONCEPTS\.gradle\caches\modules-2\files-2.1\org.openjfx\javafx-base\19.0.2\8d02216cf976b6092874d442f075ea796c848af2\javafx-base-19.0.2.jar;C:\Users\JKING.SEATINGCONCEPTS\.gradle\caches\modules-2\files-2.1\org.controlsfx\controlsfx\11.1.2\584bc3f468e2c33100fcdbb1daf0a3e095e5e031\controlsfx-11.1.2.jar;C:\Users\JKING.SEATINGCONCEPTS\.gradle\caches\modules-2\files-2.1\com.zaxxer\HikariCP\5.0.1\a74c7f0a37046846e88d54f7cb6ea6d565c65f9c\HikariCP-5.0.1.jar;C:\Users\JKING.SEATINGCONCEPTS\.gradle\caches\modules-2\files-2.1\org.xerial\sqlite-jdbc\3.42.0.0\a4c84376df810062d20c84777b84ec077b5ecdab\sqlite-jdbc-3.42.0.0.jar;C:\Users\JKING.SEATINGCONCEPTS\.gradle\caches\modules-2\files-2.1\commons-io\commons-io\2.13.0\8bb2bc9b4df17e2411533a0708a69f983bf5e83b\commons-io-2.13.0.ja-Djdk.module.main=io.jacobking.localticket io.jacobking.localticket/io.jacobking.localticket.LocalTicket

Host: 13th Gen Intel(R) Core(TM) i7-1355U, 12 cores, 15G,  Windows 11 , 64 bit Build 22621 (10.0.22621.1928)
Time: Mon Aug  7 13:30:06 2023 Central Daylight Time elapsed time: 15.047834 seconds (0d 0h 0m 15s)

---------------  T H R E A D  ---------------

Current thread (0x0000024574429010):  VMThread "VM Thread" [stack: 0x0000009548500000,0x0000009548600000] [id=18392]

Stack: [0x0000009548500000,0x0000009548600000],  sp=0x00000095485fece0,  free space=1019k
Native frames: (J=compiled Java code, j=interpreted, Vv=VM code, C=native code)
C  [glass.dll+0x26407]


siginfo: EXCEPTION_ACCESS_VIOLATION (0xc0000005), reading address 0x0000000000000000


Registers:
RAX=0x0000000000000000, RBX=0x0000024574437e80, RCX=0x0000024574429010, RDX=0x00000095485fece0
RSP=0x00000095485fece0, RBP=0x0000024579f28e08, RSI=0x00000095485fede8, RDI=0x0000024579f28de0
R8 =0x0000000000010002, R9 =0x0000024579f28de0, R10=0x85f13e9656da4870, R11=0x00000095485fec70
R12=0x00007ffd0e523d40, R13=0x00007ffc732172a0, R14=0x0000717f9e9365b0, R15=0x0000024579f28de0
RIP=0x00007ffd0e526407, EFLAGS=0x0000000000010206


Register to memory mapping:

RIP=0x00007ffd0e526407 glass.dll
RAX=0x0 is NULL
RBX=0x0000024574437e80 is a global jni handle
RCX=0x0000024574429010 points into unknown readable memory: 0x00007ffc730245b8 | b8 45 02 73 fc 7f 00 00
RDX=0x00000095485fece0 points into unknown readable memory: 0x0000000000000000 | 00 00 00 00 00 00 00 00
RSP=0x00000095485fece0 points into unknown readable memory: 0x0000000000000000 | 00 00 00 00 00 00 00 00
RBP=0x0000024579f28e08 points into unknown readable memory: 0x0000717f9e9365b0 | b0 65 93 9e 7f 71 00 00
RSI=0x00000095485fede8 points into unknown readable memory: 0x00000095485fedd0 | d0 ed 5f 48 95 00 00 00
RDI=0x0000024579f28de0 points into unknown readable memory: 0x3858717fe16e6be2 | e2 6b 6e e1 7f 71 58 38
R8 =0x0000000000010002 is an unknown value
R9 =0x0000024579f28de0 points into unknown readable memory: 0x3858717fe16e6be2 | e2 6b 6e e1 7f 71 58 38
R10=0x85f13e9656da4870 is an unknown value
R11=0x00000095485fec70 points into unknown readable memory: 0x0000024579f28de0 | e0 8d f2 79 45 02 00 00
R12=0x00007ffd0e523d40 glass.dll
R13=0x00007ffc732172a0 jvm.dll
R14=0x0000717f9e9365b0 is an unknown value
R15=0x0000024579f28de0 points into unknown readable memory: 0x3858717fe16e6be2 | e2 6b 6e e1 7f 71 58 38


Top of Stack: (sp=0x00000095485fece0)
0x00000095485fece0:   0000000000000000 00000095485fede8
0x00000095485fecf0:   00007ffc732172a0 00007ffd0e523d40
0x00000095485fed00:   0000024579f28de8 00007ffd3cf03a83
0x00000095485fed10:   0000024579f28de0 0000024500000000
0x00000095485fed20:   0000024579f28e08 00000095485fede8
0x00000095485fed30:   fffffffffffffffe 0000000000000000
0x00000095485fed40:   0000000000000001 00007ffd0e500000
0x00000095485fed50:   00000095485fedd8 00007ffd3ced006e
0x00000095485fed60:   0000000000000000 00000095485fede8
0x00000095485fed70:   00000095485ff0d0 0000000000000001
0x00000095485fed80:   0000000000000001 00007ffd3cecda1d
0x00000095485fed90:   0000000000000000 00007ffd0e523539
0x00000095485feda0:   00007ffd38885ed0 00000095485fedd8
0x00000095485fedb0:   fffffffffffffffe 00000095485feda0
0x00000095485fedc0:   0000000000000000 00007ffd0e523bcd
0x00000095485fedd0:   00007ffd0e539f88 00007ffd00000002 

Instructions: (pc=0x00007ffd0e526407)
0x00007ffd0e526307:   8b 4d 58 e8 7d cf ff ff 48 8b 4d 60 e8 74 cf ff
0x00007ffd0e526317:   ff 48 8b 95 80 00 00 00 48 8b 8d 18 01 00 00 e8
0x00007ffd0e526327:   66 c4 ff ff 33 d2 33 c9 e8 bc e1 ff ff 90 48 89
0x00007ffd0e526337:   54 24 10 55 48 83 ec 20 48 8b ea 48 b8 00 00 00
0x00007ffd0e526347:   00 00 00 00 00 48 83 c4 20 5d c3 cc 40 55 48 8b
0x00007ffd0e526357:   ea 48 8b 01 33 c9 81 38 05 00 00 c0 0f 94 c1 8b
0x00007ffd0e526367:   c1 5d c3 cc 40 55 48 83 ec 20 48 8b ea 8a 4d 40
0x00007ffd0e526377:   48 83 c4 20 5d e9 63 d3 ff ff cc 40 55 48 83 ec
0x00007ffd0e526387:   20 48 8b ea 8a 4d 20 e8 51 d3 ff ff 90 48 83 c4
0x00007ffd0e526397:   20 5d c3 cc 40 55 48 83 ec 20 48 8b ea 48 83 c4
0x00007ffd0e5263a7:   20 5d e9 b2 d1 ff ff cc 40 55 48 83 ec 30 48 8b
0x00007ffd0e5263b7:   ea 48 8b 01 8b 10 48 89 4c 24 28 89 54 24 20 4c
0x00007ffd0e5263c7:   8d 0d 53 d6 ff ff 4c 8b 45 70 8b 55 68 48 8b 4d
0x00007ffd0e5263d7:   60 e8 f3 d0 ff ff 90 48 83 c4 30 5d c3 cc cc cc
0x00007ffd0e5263e7:   cc cc cc cc cc cc cc cc cc 40 53 48 83 ec 20 48
0x00007ffd0e5263f7:   8b 1d 8b 35 01 00 48 85 db 74 16 e8 79 8b ff ff
0x00007ffd0e526407:   4c 8b 00 48 8b d3 48 8b c8 41 ff 90 b0 00 00 00
0x00007ffd0e526417:   90 48 83 c4 20 5b c3 cc cc 40 53 48 83 ec 20 48
0x00007ffd0e526427:   8b 1d fb 36 01 00 48 85 db 74 57 b8 ff ff ff ff
0x00007ffd0e526437:   f0 0f c1 43 10 83 f8 01 75 3d 48 85 db 74 38 48
0x00007ffd0e526447:   8b 0b 48 85 c9 74 0d ff 15 54 0e 00 00 48 c7 03
0x00007ffd0e526457:   00 00 00 00 48 8b 4b 08 48 85 c9 74 0d e8 23 ce
0x00007ffd0e526467:   ff ff 48 c7 43 08 00 00 00 00 ba 18 00 00 00 48
0x00007ffd0e526477:   8b cb e8 0e ce ff ff 48 c7 05 9f 36 01 00 00 00
0x00007ffd0e526487:   00 00 48 83 c4 20 5b c3 cc 40 53 48 83 ec 20 48
0x00007ffd0e526497:   8b 1d 6b 36 01 00 48 85 db 74 57 b8 ff ff ff ff
0x00007ffd0e5264a7:   f0 0f c1 43 10 83 f8 01 75 3d 48 85 db 74 38 48
0x00007ffd0e5264b7:   8b 0b 48 85 c9 74 0d ff 15 e4 0d 00 00 48 c7 03
0x00007ffd0e5264c7:   00 00 00 00 48 8b 4b 08 48 85 c9 74 0d e8 b3 cd
0x00007ffd0e5264d7:   ff ff 48 c7 43 08 00 00 00 00 ba 18 00 00 00 48
0x00007ffd0e5264e7:   8b cb e8 9e cd ff ff 48 c7 05 0f 36 01 00 00 00
0x00007ffd0e5264f7:   00 00 48 83 c4 20 5b c3 cc 40 53 48 83 ec 20 48 


Stack slot to memory mapping:
stack at sp + 0 slots: 0x0 is NULL
stack at sp + 1 slots: 0x00000095485fede8 points into unknown readable memory: 0x00000095485fedd0 | d0 ed 5f 48 95 00 00 00
stack at sp + 2 slots: 0x00007ffc732172a0 jvm.dll
stack at sp + 3 slots: 0x00007ffd0e523d40 glass.dll
stack at sp + 4 slots: 0x0000024579f28de8 points into unknown readable memory: 0x0000717f9e9365b0 | b0 65 93 9e 7f 71 00 00
stack at sp + 5 slots: 0x00007ffd3cf03a83 ucrtbase.dll
stack at sp + 6 slots: 0x0000024579f28de0 points into unknown readable memory: 0x3858717fe16e6be2 | e2 6b 6e e1 7f 71 58 38
stack at sp + 7 slots: 0x0000024500000000 points into unknown readable memory: 0x80000000e31d4000 | 00 40 1d e3 00 00 00 80

VM_Operation (0x0000009549af8a10): Exit, mode: safepoint, requested by thread 0x0000024579fad960


---------------  P R O C E S S  ---------------

Threads class SMR info:
_java_thread_list=0x00000245788ebdc0, length=18, elements={
0x0000024550dbd1f0, 0x000002457443e370, 0x00000245788040a0, 0x000002457880add0,
0x000002457880b310, 0x0000024578811870, 0x00000245788140f0, 0x000002457881fb80,
0x0000024578820100, 0x00000245743d6d70, 0x0000024578becce0, 0x0000024578eee460,
0x0000024579f9ea70, 0x0000024579fad960, 0x000002457a035b60, 0x000002457a26fc60,
0x000002457a6cf5b0, 0x000002457a6d0af0
}

Java Threads: ( => current thread )
  0x0000024550dbd1f0 JavaThread "main" [_thread_blocked, id=5160, stack(0x0000009547f00000,0x0000009548000000)]
  0x000002457443e370 JavaThread "Reference Handler" daemon [_thread_blocked, id=14092, stack(0x0000009548600000,0x0000009548700000)]
  0x00000245788040a0 JavaThread "Finalizer" daemon [_thread_blocked, id=680, stack(0x0000009548700000,0x0000009548800000)]
  0x000002457880add0 JavaThread "Attach Listener" daemon [_thread_blocked, id=13980, stack(0x0000009548900000,0x0000009548a00000)]
  0x000002457880b310 JavaThread "Service Thread" daemon [_thread_blocked, id=16960, stack(0x0000009548a00000,0x0000009548b00000)]
  0x0000024578811870 JavaThread "Monitor Deflation Thread" daemon [_thread_blocked, id=9000, stack(0x0000009548b00000,0x0000009548c00000)]
  0x00000245788140f0 JavaThread "C2 CompilerThread0" daemon [_thread_blocked, id=10004, stack(0x0000009548c00000,0x0000009548d00000)]
  0x000002457881fb80 JavaThread "C1 CompilerThread0" daemon [_thread_blocked, id=22932, stack(0x0000009548d00000,0x0000009548e00000)]
  0x0000024578820100 JavaThread "Sweeper thread" daemon [_thread_blocked, id=16572, stack(0x0000009548e00000,0x0000009548f00000)]
  0x00000245743d6d70 JavaThread "Common-Cleaner" daemon [_thread_blocked, id=6364, stack(0x0000009548f00000,0x0000009549000000)]
  0x0000024578becce0 JavaThread "Notification Thread" daemon [_thread_blocked, id=21324, stack(0x0000009549200000,0x0000009549300000)]
  0x0000024578eee460 JavaThread "QuantumRenderer-0" daemon [_thread_blocked, id=15756, stack(0x0000009549400000,0x0000009549500000)]
  0x0000024579f9ea70 JavaThread "InvokeLaterDispatcher" daemon [_thread_blocked, id=16036, stack(0x0000009549900000,0x0000009549a00000)]
  0x0000024579fad960 JavaThread "JavaFX Application Thread" [_thread_blocked, id=19896, stack(0x0000009549a00000,0x0000009549b00000)]
  0x000002457a035b60 JavaThread "JavaFX-Launcher" [_thread_blocked, id=23280, stack(0x0000009549d00000,0x0000009549e00000)]
  0x000002457a26fc60 JavaThread "Thread-2" daemon [_thread_in_native, id=18132, stack(0x0000009549c00000,0x0000009549d00000)]
  0x000002457a6cf5b0 JavaThread "Prism Font Disposer" daemon [_thread_blocked, id=3100, stack(0x000000954a600000,0x000000954a700000)]
  0x000002457a6d0af0 JavaThread "Cleaner-0" daemon [_thread_blocked, id=13536, stack(0x000000954a700000,0x000000954a800000)]

Other Threads:
=>0x0000024574429010 VMThread "VM Thread" [stack: 0x0000009548500000,0x0000009548600000] [id=18392]
  0x0000024550e2c820 WorkerThread "GC Thread#0" [stack: 0x0000009548000000,0x0000009548100000] [id=1768]
  0x000002457a1cbe50 WorkerThread "GC Thread#1" [stack: 0x0000009549e00000,0x0000009549f00000] [id=23312]
  0x000002457a1cc120 WorkerThread "GC Thread#2" [stack: 0x0000009549f00000,0x000000954a000000] [id=14324]
  0x000002457a1cc3f0 WorkerThread "GC Thread#3" [stack: 0x000000954a000000,0x000000954a100000] [id=19604]
  0x000002457a203870 WorkerThread "GC Thread#4" [stack: 0x000000954a100000,0x000000954a200000] [id=22540]
  0x000002457a2040e0 WorkerThread "GC Thread#5" [stack: 0x000000954a200000,0x000000954a300000] [id=6124]
  0x000002457a2043b0 WorkerThread "GC Thread#6" [stack: 0x000000954a800000,0x000000954a900000] [id=15132]
  0x000002457a204680 WorkerThread "GC Thread#7" [stack: 0x000000954a900000,0x000000954aa00000] [id=7656]
  0x000002457a204950 WorkerThread "GC Thread#8" [stack: 0x000000954aa00000,0x000000954ab00000] [id=2716]
  0x000002457a204c20 WorkerThread "GC Thread#9" [stack: 0x000000954ab00000,0x000000954ac00000] [id=20832]
  0x0000024550e3d290 ConcurrentGCThread "G1 Main Marker" terminated
  0x0000024550e3dfd0 WorkerThread "G1 Conc#0" [stack: 0x0000009548200000,0x0000009548300000] [id=3332]
  0x00000245742a2b50 ConcurrentGCThread "G1 Refine#0" terminated
  0x00000245742a31b0 ConcurrentGCThread "G1 Service" terminated

Threads with active compile tasks:

VM state: at safepoint (shutting down)

VM Mutex/Monitor currently owned by a thread:  ([mutex/lock_event])
[0x0000024550db8150] Threads_lock - owner thread: 0x0000024574429010
[0x0000024550db8540] Heap_lock - owner thread: 0x0000024579fad960

Heap address: 0x0000000704e00000, size: 4018 MB, Compressed Oops mode: Zero based, Oop shift amount: 3

CDS archive(s) mapped at: [0x0000000800000000-0x0000000800c40000-0x0000000800c40000), size 12845056, SharedBaseAddress: 0x0000000800000000, ArchiveRelocationMode: 0.
Compressed class space mapped at: 0x0000000801000000-0x0000000841000000, reserved size: 1073741824
Narrow klass base: 0x0000000800000000, Narrow klass shift: 0, Narrow klass range: 0x100000000

GC Precious Log:
 CardTable entry size: 512
 Card Set container configuration: InlinePtr #cards 4 size 8 Array Of Cards #cards 16 size 48 Howl #buckets 8 coarsen threshold 3686 Howl Bitmap #cards 512 size 80 coarsen threshold 460 Card regions per heap region 1 cards per card region 4096
 CPUs: 12 total, 12 available
 Memory: 16068M
 Large Page Support: Disabled
 NUMA Support: Disabled
 Compressed Oops: Enabled (Zero based)
 Heap Region Size: 2M
 Heap Min Capacity: 8M
 Heap Initial Capacity: 252M
 Heap Max Capacity: 4018M
 Pre-touch: Disabled
 Parallel Workers: 10
 Concurrent Workers: 3
 Concurrent Refinement Workers: 10
 Periodic GC: Disabled

Heap:
 garbage-first heap   total 258048K, used 30021K [0x0000000704e00000, 0x0000000800000000)
  region size 2048K, 14 young (28672K), 3 survivors (6144K)
 Metaspace       used 18679K, committed 19072K, reserved 1114112K
  class space    used 2853K, committed 3008K, reserved 1048576K

Heap Regions: E=young(eden), S=young(survivor), O=old, HS=humongous(starts), HC=humongous(continues), CS=collection set, F=free, OA=open archive, CA=closed archive, TAMS=top-at-mark-start (previous, next)
|   0|0x0000000704e00000, 0x0000000705000000, 0x0000000705000000|100%|HS|  |TAMS 0x0000000704e00000, 0x0000000704e00000| Complete 
|   1|0x0000000705000000, 0x0000000705151600, 0x0000000705200000| 65%| O|  |TAMS 0x0000000705000000, 0x0000000705000000| Untracked 
|   2|0x0000000705200000, 0x0000000705200000, 0x0000000705400000|  0%| F|  |TAMS 0x0000000705200000, 0x0000000705200000| Untracked 
|   3|0x0000000705400000, 0x0000000705400000, 0x0000000705600000|  0%| F|  |TAMS 0x0000000705400000, 0x0000000705400000| Untracked 
|   4|0x0000000705600000, 0x0000000705600000, 0x0000000705800000|  0%| F|  |TAMS 0x0000000705600000, 0x0000000705600000| Untracked 
|   5|0x0000000705800000, 0x0000000705800000, 0x0000000705a00000|  0%| F|  |TAMS 0x0000000705800000, 0x0000000705800000| Untracked 
|   6|0x0000000705a00000, 0x0000000705a00000, 0x0000000705c00000|  0%| F|  |TAMS 0x0000000705a00000, 0x0000000705a00000| Untracked 
|   7|0x0000000705c00000, 0x0000000705c00000, 0x0000000705e00000|  0%| F|  |TAMS 0x0000000705c00000, 0x0000000705c00000| Untracked 
|   8|0x0000000705e00000, 0x0000000705e00000, 0x0000000706000000|  0%| F|  |TAMS 0x0000000705e00000, 0x0000000705e00000| Untracked 
|   9|0x0000000706000000, 0x0000000706000000, 0x0000000706200000|  0%| F|  |TAMS 0x0000000706000000, 0x0000000706000000| Untracked 
|  10|0x0000000706200000, 0x0000000706200000, 0x0000000706400000|  0%| F|  |TAMS 0x0000000706200000, 0x0000000706200000| Untracked 
|  11|0x0000000706400000, 0x0000000706400000, 0x0000000706600000|  0%| F|  |TAMS 0x0000000706400000, 0x0000000706400000| Untracked 
|  12|0x0000000706600000, 0x0000000706600000, 0x0000000706800000|  0%| F|  |TAMS 0x0000000706600000, 0x0000000706600000| Untracked 
|  13|0x0000000706800000, 0x0000000706800000, 0x0000000706a00000|  0%| F|  |TAMS 0x0000000706800000, 0x0000000706800000| Untracked 
|  14|0x0000000706a00000, 0x0000000706a00000, 0x0000000706c00000|  0%| F|  |TAMS 0x0000000706a00000, 0x0000000706a00000| Untracked 
|  15|0x0000000706c00000, 0x0000000706c00000, 0x0000000706e00000|  0%| F|  |TAMS 0x0000000706c00000, 0x0000000706c00000| Untracked 
|  16|0x0000000706e00000, 0x0000000706e00000, 0x0000000707000000|  0%| F|  |TAMS 0x0000000706e00000, 0x0000000706e00000| Untracked 
|  17|0x0000000707000000, 0x0000000707000000, 0x0000000707200000|  0%| F|  |TAMS 0x0000000707000000, 0x0000000707000000| Untracked 
|  18|0x0000000707200000, 0x0000000707200000, 0x0000000707400000|  0%| F|  |TAMS 0x0000000707200000, 0x0000000707200000| Untracked 
|  19|0x0000000707400000, 0x0000000707400000, 0x0000000707600000|  0%| F|  |TAMS 0x0000000707400000, 0x0000000707400000| Untracked 
|  20|0x0000000707600000, 0x0000000707600000, 0x0000000707800000|  0%| F|  |TAMS 0x0000000707600000, 0x0000000707600000| Untracked 
|  21|0x0000000707800000, 0x0000000707800000, 0x0000000707a00000|  0%| F|  |TAMS 0x0000000707800000, 0x0000000707800000| Untracked 
|  22|0x0000000707a00000, 0x0000000707a00000, 0x0000000707c00000|  0%| F|  |TAMS 0x0000000707a00000, 0x0000000707a00000| Untracked 
|  23|0x0000000707c00000, 0x0000000707c00000, 0x0000000707e00000|  0%| F|  |TAMS 0x0000000707c00000, 0x0000000707c00000| Untracked 
|  24|0x0000000707e00000, 0x0000000707e00000, 0x0000000708000000|  0%| F|  |TAMS 0x0000000707e00000, 0x0000000707e00000| Untracked 
|  25|0x0000000708000000, 0x0000000708000000, 0x0000000708200000|  0%| F|  |TAMS 0x0000000708000000, 0x0000000708000000| Untracked 
|  26|0x0000000708200000, 0x0000000708200000, 0x0000000708400000|  0%| F|  |TAMS 0x0000000708200000, 0x0000000708200000| Untracked 
|  27|0x0000000708400000, 0x0000000708400000, 0x0000000708600000|  0%| F|  |TAMS 0x0000000708400000, 0x0000000708400000| Untracked 
|  28|0x0000000708600000, 0x0000000708600000, 0x0000000708800000|  0%| F|  |TAMS 0x0000000708600000, 0x0000000708600000| Untracked 
|  29|0x0000000708800000, 0x0000000708800000, 0x0000000708a00000|  0%| F|  |TAMS 0x0000000708800000, 0x0000000708800000| Untracked 
|  30|0x0000000708a00000, 0x0000000708a00000, 0x0000000708c00000|  0%| F|  |TAMS 0x0000000708a00000, 0x0000000708a00000| Untracked 
|  31|0x0000000708c00000, 0x0000000708c00000, 0x0000000708e00000|  0%| F|  |TAMS 0x0000000708c00000, 0x0000000708c00000| Untracked 
|  32|0x0000000708e00000, 0x0000000708e00000, 0x0000000709000000|  0%| F|  |TAMS 0x0000000708e00000, 0x0000000708e00000| Untracked 
|  33|0x0000000709000000, 0x0000000709000000, 0x0000000709200000|  0%| F|  |TAMS 0x0000000709000000, 0x0000000709000000| Untracked 
|  34|0x0000000709200000, 0x0000000709200000, 0x0000000709400000|  0%| F|  |TAMS 0x0000000709200000, 0x0000000709200000| Untracked 
|  35|0x0000000709400000, 0x0000000709400000, 0x0000000709600000|  0%| F|  |TAMS 0x0000000709400000, 0x0000000709400000| Untracked 
|  36|0x0000000709600000, 0x0000000709600000, 0x0000000709800000|  0%| F|  |TAMS 0x0000000709600000, 0x0000000709600000| Untracked 
|  37|0x0000000709800000, 0x0000000709800000, 0x0000000709a00000|  0%| F|  |TAMS 0x0000000709800000, 0x0000000709800000| Untracked 
|  38|0x0000000709a00000, 0x0000000709a00000, 0x0000000709c00000|  0%| F|  |TAMS 0x0000000709a00000, 0x0000000709a00000| Untracked 
|  39|0x0000000709c00000, 0x0000000709c00000, 0x0000000709e00000|  0%| F|  |TAMS 0x0000000709c00000, 0x0000000709c00000| Untracked 
|  40|0x0000000709e00000, 0x0000000709e00000, 0x000000070a000000|  0%| F|  |TAMS 0x0000000709e00000, 0x0000000709e00000| Untracked 
|  41|0x000000070a000000, 0x000000070a000000, 0x000000070a200000|  0%| F|  |TAMS 0x000000070a000000, 0x000000070a000000| Untracked 
|  42|0x000000070a200000, 0x000000070a200000, 0x000000070a400000|  0%| F|  |TAMS 0x000000070a200000, 0x000000070a200000| Untracked 
|  43|0x000000070a400000, 0x000000070a400000, 0x000000070a600000|  0%| F|  |TAMS 0x000000070a400000, 0x000000070a400000| Untracked 
|  44|0x000000070a600000, 0x000000070a600000, 0x000000070a800000|  0%| F|  |TAMS 0x000000070a600000, 0x000000070a600000| Untracked 
|  45|0x000000070a800000, 0x000000070a800000, 0x000000070aa00000|  0%| F|  |TAMS 0x000000070a800000, 0x000000070a800000| Untracked 
|  46|0x000000070aa00000, 0x000000070aa00000, 0x000000070ac00000|  0%| F|  |TAMS 0x000000070aa00000, 0x000000070aa00000| Untracked 
|  47|0x000000070ac00000, 0x000000070ac00000, 0x000000070ae00000|  0%| F|  |TAMS 0x000000070ac00000, 0x000000070ac00000| Untracked 
|  48|0x000000070ae00000, 0x000000070ae00000, 0x000000070b000000|  0%| F|  |TAMS 0x000000070ae00000, 0x000000070ae00000| Untracked 
|  49|0x000000070b000000, 0x000000070b000000, 0x000000070b200000|  0%| F|  |TAMS 0x000000070b000000, 0x000000070b000000| Untracked 
|  50|0x000000070b200000, 0x000000070b200000, 0x000000070b400000|  0%| F|  |TAMS 0x000000070b200000, 0x000000070b200000| Untracked 
|  51|0x000000070b400000, 0x000000070b400000, 0x000000070b600000|  0%| F|  |TAMS 0x000000070b400000, 0x000000070b400000| Untracked 
|  52|0x000000070b600000, 0x000000070b600000, 0x000000070b800000|  0%| F|  |TAMS 0x000000070b600000, 0x000000070b600000| Untracked 
|  53|0x000000070b800000, 0x000000070b800000, 0x000000070ba00000|  0%| F|  |TAMS 0x000000070b800000, 0x000000070b800000| Untracked 
|  54|0x000000070ba00000, 0x000000070ba00000, 0x000000070bc00000|  0%| F|  |TAMS 0x000000070ba00000, 0x000000070ba00000| Untracked 
|  55|0x000000070bc00000, 0x000000070bc00000, 0x000000070be00000|  0%| F|  |TAMS 0x000000070bc00000, 0x000000070bc00000| Untracked 
|  56|0x000000070be00000, 0x000000070be00000, 0x000000070c000000|  0%| F|  |TAMS 0x000000070be00000, 0x000000070be00000| Untracked 
|  57|0x000000070c000000, 0x000000070c000000, 0x000000070c200000|  0%| F|  |TAMS 0x000000070c000000, 0x000000070c000000| Untracked 
|  58|0x000000070c200000, 0x000000070c200000, 0x000000070c400000|  0%| F|  |TAMS 0x000000070c200000, 0x000000070c200000| Untracked 
|  59|0x000000070c400000, 0x000000070c400000, 0x000000070c600000|  0%| F|  |TAMS 0x000000070c400000, 0x000000070c400000| Untracked 
|  60|0x000000070c600000, 0x000000070c600000, 0x000000070c800000|  0%| F|  |TAMS 0x000000070c600000, 0x000000070c600000| Untracked 
|  61|0x000000070c800000, 0x000000070c800000, 0x000000070ca00000|  0%| F|  |TAMS 0x000000070c800000, 0x000000070c800000| Untracked 
|  62|0x000000070ca00000, 0x000000070ca00000, 0x000000070cc00000|  0%| F|  |TAMS 0x000000070ca00000, 0x000000070ca00000| Untracked 
|  63|0x000000070cc00000, 0x000000070cc00000, 0x000000070ce00000|  0%| F|  |TAMS 0x000000070cc00000, 0x000000070cc00000| Untracked 
|  64|0x000000070ce00000, 0x000000070ce00000, 0x000000070d000000|  0%| F|  |TAMS 0x000000070ce00000, 0x000000070ce00000| Untracked 
|  65|0x000000070d000000, 0x000000070d000000, 0x000000070d200000|  0%| F|  |TAMS 0x000000070d000000, 0x000000070d000000| Untracked 
|  66|0x000000070d200000, 0x000000070d200000, 0x000000070d400000|  0%| F|  |TAMS 0x000000070d200000, 0x000000070d200000| Untracked 
|  67|0x000000070d400000, 0x000000070d400000, 0x000000070d600000|  0%| F|  |TAMS 0x000000070d400000, 0x000000070d400000| Untracked 
|  68|0x000000070d600000, 0x000000070d600000, 0x000000070d800000|  0%| F|  |TAMS 0x000000070d600000, 0x000000070d600000| Untracked 
|  69|0x000000070d800000, 0x000000070d800000, 0x000000070da00000|  0%| F|  |TAMS 0x000000070d800000, 0x000000070d800000| Untracked 
|  70|0x000000070da00000, 0x000000070da00000, 0x000000070dc00000|  0%| F|  |TAMS 0x000000070da00000, 0x000000070da00000| Untracked 
|  71|0x000000070dc00000, 0x000000070dc00000, 0x000000070de00000|  0%| F|  |TAMS 0x000000070dc00000, 0x000000070dc00000| Untracked 
|  72|0x000000070de00000, 0x000000070de00000, 0x000000070e000000|  0%| F|  |TAMS 0x000000070de00000, 0x000000070de00000| Untracked 
|  73|0x000000070e000000, 0x000000070e000000, 0x000000070e200000|  0%| F|  |TAMS 0x000000070e000000, 0x000000070e000000| Untracked 
|  74|0x000000070e200000, 0x000000070e200000, 0x000000070e400000|  0%| F|  |TAMS 0x000000070e200000, 0x000000070e200000| Untracked 
|  75|0x000000070e400000, 0x000000070e400000, 0x000000070e600000|  0%| F|  |TAMS 0x000000070e400000, 0x000000070e400000| Untracked 
|  76|0x000000070e600000, 0x000000070e600000, 0x000000070e800000|  0%| F|  |TAMS 0x000000070e600000, 0x000000070e600000| Untracked 
|  77|0x000000070e800000, 0x000000070e800000, 0x000000070ea00000|  0%| F|  |TAMS 0x000000070e800000, 0x000000070e800000| Untracked 
|  78|0x000000070ea00000, 0x000000070ea00000, 0x000000070ec00000|  0%| F|  |TAMS 0x000000070ea00000, 0x000000070ea00000| Untracked 
|  79|0x000000070ec00000, 0x000000070ec00000, 0x000000070ee00000|  0%| F|  |TAMS 0x000000070ec00000, 0x000000070ec00000| Untracked 
|  80|0x000000070ee00000, 0x000000070ee00000, 0x000000070f000000|  0%| F|  |TAMS 0x000000070ee00000, 0x000000070ee00000| Untracked 
|  81|0x000000070f000000, 0x000000070f000000, 0x000000070f200000|  0%| F|  |TAMS 0x000000070f000000, 0x000000070f000000| Untracked 
|  82|0x000000070f200000, 0x000000070f200000, 0x000000070f400000|  0%| F|  |TAMS 0x000000070f200000, 0x000000070f200000| Untracked 
|  83|0x000000070f400000, 0x000000070f400000, 0x000000070f600000|  0%| F|  |TAMS 0x000000070f400000, 0x000000070f400000| Untracked 
|  84|0x000000070f600000, 0x000000070f600000, 0x000000070f800000|  0%| F|  |TAMS 0x000000070f600000, 0x000000070f600000| Untracked 
|  85|0x000000070f800000, 0x000000070f800000, 0x000000070fa00000|  0%| F|  |TAMS 0x000000070f800000, 0x000000070f800000| Untracked 
|  86|0x000000070fa00000, 0x000000070fa00000, 0x000000070fc00000|  0%| F|  |TAMS 0x000000070fa00000, 0x000000070fa00000| Untracked 
|  87|0x000000070fc00000, 0x000000070fc00000, 0x000000070fe00000|  0%| F|  |TAMS 0x000000070fc00000, 0x000000070fc00000| Untracked 
|  88|0x000000070fe00000, 0x000000070fe00000, 0x0000000710000000|  0%| F|  |TAMS 0x000000070fe00000, 0x000000070fe00000| Untracked 
|  89|0x0000000710000000, 0x0000000710000000, 0x0000000710200000|  0%| F|  |TAMS 0x0000000710000000, 0x0000000710000000| Untracked 
|  90|0x0000000710200000, 0x0000000710200000, 0x0000000710400000|  0%| F|  |TAMS 0x0000000710200000, 0x0000000710200000| Untracked 
|  91|0x0000000710400000, 0x0000000710400000, 0x0000000710600000|  0%| F|  |TAMS 0x0000000710400000, 0x0000000710400000| Untracked 
|  92|0x0000000710600000, 0x0000000710600000, 0x0000000710800000|  0%| F|  |TAMS 0x0000000710600000, 0x0000000710600000| Untracked 
|  93|0x0000000710800000, 0x0000000710800000, 0x0000000710a00000|  0%| F|  |TAMS 0x0000000710800000, 0x0000000710800000| Untracked 
|  94|0x0000000710a00000, 0x0000000710a00000, 0x0000000710c00000|  0%| F|  |TAMS 0x0000000710a00000, 0x0000000710a00000| Untracked 
|  95|0x0000000710c00000, 0x0000000710c00000, 0x0000000710e00000|  0%| F|  |TAMS 0x0000000710c00000, 0x0000000710c00000| Untracked 
|  96|0x0000000710e00000, 0x0000000710e00000, 0x0000000711000000|  0%| F|  |TAMS 0x0000000710e00000, 0x0000000710e00000| Untracked 
|  97|0x0000000711000000, 0x0000000711000000, 0x0000000711200000|  0%| F|  |TAMS 0x0000000711000000, 0x0000000711000000| Untracked 
|  98|0x0000000711200000, 0x0000000711200000, 0x0000000711400000|  0%| F|  |TAMS 0x0000000711200000, 0x0000000711200000| Untracked 
|  99|0x0000000711400000, 0x0000000711400000, 0x0000000711600000|  0%| F|  |TAMS 0x0000000711400000, 0x0000000711400000| Untracked 
| 100|0x0000000711600000, 0x0000000711600000, 0x0000000711800000|  0%| F|  |TAMS 0x0000000711600000, 0x0000000711600000| Untracked 
| 101|0x0000000711800000, 0x0000000711800000, 0x0000000711a00000|  0%| F|  |TAMS 0x0000000711800000, 0x0000000711800000| Untracked 
| 102|0x0000000711a00000, 0x0000000711a00000, 0x0000000711c00000|  0%| F|  |TAMS 0x0000000711a00000, 0x0000000711a00000| Untracked 
| 103|0x0000000711c00000, 0x0000000711e00000, 0x0000000711e00000|100%| S|CS|TAMS 0x0000000711c00000, 0x0000000711c00000| Complete 
| 104|0x0000000711e00000, 0x0000000712000000, 0x0000000712000000|100%| S|CS|TAMS 0x0000000711e00000, 0x0000000711e00000| Complete 
| 105|0x0000000712000000, 0x0000000712200000, 0x0000000712200000|100%| S|CS|TAMS 0x0000000712000000, 0x0000000712000000| Complete 
| 106|0x0000000712200000, 0x0000000712200000, 0x0000000712400000|  0%| F|  |TAMS 0x0000000712200000, 0x0000000712200000| Untracked 
| 107|0x0000000712400000, 0x0000000712400000, 0x0000000712600000|  0%| F|  |TAMS 0x0000000712400000, 0x0000000712400000| Untracked 
| 108|0x0000000712600000, 0x0000000712600000, 0x0000000712800000|  0%| F|  |TAMS 0x0000000712600000, 0x0000000712600000| Untracked 
| 109|0x0000000712800000, 0x0000000712800000, 0x0000000712a00000|  0%| F|  |TAMS 0x0000000712800000, 0x0000000712800000| Untracked 
| 110|0x0000000712a00000, 0x0000000712a00000, 0x0000000712c00000|  0%| F|  |TAMS 0x0000000712a00000, 0x0000000712a00000| Untracked 
| 111|0x0000000712c00000, 0x0000000712c00000, 0x0000000712e00000|  0%| F|  |TAMS 0x0000000712c00000, 0x0000000712c00000| Untracked 
| 112|0x0000000712e00000, 0x0000000712e00000, 0x0000000713000000|  0%| F|  |TAMS 0x0000000712e00000, 0x0000000712e00000| Untracked 
| 113|0x0000000713000000, 0x0000000713000000, 0x0000000713200000|  0%| F|  |TAMS 0x0000000713000000, 0x0000000713000000| Untracked 
| 114|0x0000000713200000, 0x0000000713200000, 0x0000000713400000|  0%| F|  |TAMS 0x0000000713200000, 0x0000000713200000| Untracked 
| 115|0x0000000713400000, 0x00000007135ce498, 0x0000000713600000| 90%| E|  |TAMS 0x0000000713400000, 0x0000000713400000| Complete 
| 116|0x0000000713600000, 0x0000000713800000, 0x0000000713800000|100%| E|CS|TAMS 0x0000000713600000, 0x0000000713600000| Complete 
| 117|0x0000000713800000, 0x0000000713a00000, 0x0000000713a00000|100%| E|CS|TAMS 0x0000000713800000, 0x0000000713800000| Complete 
| 118|0x0000000713a00000, 0x0000000713c00000, 0x0000000713c00000|100%| E|CS|TAMS 0x0000000713a00000, 0x0000000713a00000| Complete 
| 119|0x0000000713c00000, 0x0000000713e00000, 0x0000000713e00000|100%| E|CS|TAMS 0x0000000713c00000, 0x0000000713c00000| Complete 
| 120|0x0000000713e00000, 0x0000000714000000, 0x0000000714000000|100%| E|CS|TAMS 0x0000000713e00000, 0x0000000713e00000| Complete 
| 121|0x0000000714000000, 0x0000000714200000, 0x0000000714200000|100%| E|CS|TAMS 0x0000000714000000, 0x0000000714000000| Complete 
| 122|0x0000000714200000, 0x0000000714400000, 0x0000000714400000|100%| E|CS|TAMS 0x0000000714200000, 0x0000000714200000| Complete 
| 123|0x0000000714400000, 0x0000000714600000, 0x0000000714600000|100%| E|CS|TAMS 0x0000000714400000, 0x0000000714400000| Complete 
| 124|0x0000000714600000, 0x0000000714800000, 0x0000000714800000|100%| E|CS|TAMS 0x0000000714600000, 0x0000000714600000| Complete 
| 125|0x0000000714800000, 0x0000000714a00000, 0x0000000714a00000|100%| E|CS|TAMS 0x0000000714800000, 0x0000000714800000| Complete 

Card table byte_map: [0x0000024568a40000,0x0000024569220000] _byte_map_base: 0x0000024565219000

Marking Bits (Prev, Next): (CMBitMap*) 0x0000024550e2ce50, (CMBitMap*) 0x0000024550e2ce90
 Prev Bits: [0x0000024569a00000, 0x000002456d8c8000)
 Next Bits: [0x000002456d8d0000, 0x0000024571798000)

Polling page: 0x000002454ed70000

Metaspace:

Usage:
  Non-class:     15.46 MB used.
      Class:      2.79 MB used.
       Both:     18.24 MB used.

Virtual space:
  Non-class space:       64.00 MB reserved,      15.69 MB ( 25%) committed,  1 nodes.
      Class space:        1.00 GB reserved,       2.94 MB ( <1%) committed,  1 nodes.
             Both:        1.06 GB reserved,      18.62 MB (  2%) committed. 

Chunk freelists:
   Non-Class:  3.80 MB
       Class:  1.01 MB
        Both:  4.80 MB

MaxMetaspaceSize: unlimited
CompressedClassSpaceSize: 1.00 GB
Initial GC threshold: 21.00 MB
Current GC threshold: 21.00 MB
CDS: on
MetaspaceReclaimPolicy: balanced
 - commit_granule_bytes: 65536.
 - commit_granule_words: 8192.
 - virtual_space_node_default_size: 8388608.
 - enlarge_chunks_in_place: 1.
 - new_chunks_are_fully_committed: 0.
 - uncommit_free_chunks: 1.
 - use_allocation_guard: 0.


Internal statistics:

num_allocs_failed_limit: 0.
num_arena_births: 418.
num_arena_deaths: 0.
num_vsnodes_births: 2.
num_vsnodes_deaths: 0.
num_space_committed: 298.
num_space_uncommitted: 0.
num_chunks_returned_to_freelist: 0.
num_chunks_taken_from_freelist: 1006.
num_chunk_merges: 0.
num_chunk_splits: 721.
num_chunks_enlarged: 567.
num_inconsistent_stats: 0.

CodeHeap 'non-profiled nmethods': size=120000Kb used=1276Kb max_used=1276Kb free=118723Kb
 bounds [0x00000245607e0000, 0x0000024560a50000, 0x0000024567d10000]
CodeHeap 'profiled nmethods': size=120000Kb used=6186Kb max_used=6186Kb free=113813Kb
 bounds [0x0000024558d10000, 0x0000024559320000, 0x0000024560240000]
CodeHeap 'non-nmethods': size=5760Kb used=1545Kb max_used=1576Kb free=4214Kb
 bounds [0x0000024560240000, 0x00000245604b0000, 0x00000245607e0000]
 total_blobs=4013 nmethods=3185 adapters=737
 compilation: enabled
              stopped_count=0, restarted_count=0
 full_count=0

Compilation events (20 events):
Event: 13.087 Thread 0x000002457881fb80 3176       3       com.sun.javafx.tk.quantum.GlassViewEventHandler$$Lambda$458/0x000000080125c000::get (8 bytes)
Event: 13.088 Thread 0x000002457881fb80 nmethod 3176 0x0000024559316510 code [0x0000024559316740, 0x0000024559316d68]
Event: 13.088 Thread 0x000002457881fb80 3177       3       com.sun.javafx.tk.quantum.GlassViewEventHandler::lambda$handleMouseEvent$2 (18 bytes)
Event: 13.089 Thread 0x000002457881fb80 nmethod 3177 0x0000024559317090 code [0x00000245593172c0, 0x0000024559317868]
Event: 13.089 Thread 0x000002457881fb80 3178       3       com.sun.javafx.tk.quantum.GlassViewEventHandler$MouseEventNotification::run (5 bytes)
Event: 13.089 Thread 0x000002457881fb80 nmethod 3178 0x0000024559317b10 code [0x0000024559317cc0, 0x0000024559317e08]
Event: 13.089 Thread 0x000002457881fb80 3179   !   3       com.sun.javafx.tk.quantum.GlassViewEventHandler$MouseEventNotification::run (703 bytes)
Event: 13.091 Thread 0x000002457881fb80 nmethod 3179 0x0000024559317e90 code [0x0000024559318180, 0x0000024559319548]
Event: 13.695 Thread 0x000002457881fb80 3180       1       com.sun.glass.ui.Screen::getPlatformScaleX (5 bytes)
Event: 13.696 Thread 0x000002457881fb80 nmethod 3180 0x000002456091dd10 code [0x000002456091dea0, 0x000002456091df78]
Event: 13.696 Thread 0x000002457881fb80 3181       1       com.sun.glass.ui.Screen::getPlatformScaleY (5 bytes)
Event: 13.696 Thread 0x000002457881fb80 nmethod 3181 0x000002456091e010 code [0x000002456091e1a0, 0x000002456091e278]
Event: 14.254 Thread 0x00000245788140f0 3182       4       java.lang.ThreadLocal::get (47 bytes)
Event: 14.257 Thread 0x00000245788140f0 nmethod 3182 0x000002456091e310 code [0x000002456091e4c0, 0x000002456091e658]
Event: 14.374 Thread 0x00000245788140f0 3183       4       com.sun.javafx.event.EventHandlerManager::dispatchCapturingEvent (41 bytes)
Event: 14.382 Thread 0x00000245788140f0 nmethod 3183 0x000002456091e890 code [0x000002456091ea80, 0x000002456091ee70]
Event: 14.687 Thread 0x000002457881fb80 3184       3       java.lang.invoke.LambdaFormEditor$TransformKey::of (51 bytes)
Event: 14.687 Thread 0x000002457881fb80 nmethod 3184 0x0000024559319d90 code [0x0000024559319f80, 0x000002455931a438]
Event: 14.688 Thread 0x000002457881fb80 3185       3       jdk.internal.misc.Unsafe::getAndAddInt (27 bytes)
Event: 14.688 Thread 0x000002457881fb80 nmethod 3185 0x000002455931a610 code [0x000002455931a7c0, 0x000002455931aa08]

GC Heap History (4 events):
Event: 0.436 GC heap before
{Heap before GC invocations=0 (full 0):
 garbage-first heap   total 258048K, used 22528K [0x0000000704e00000, 0x0000000800000000)
  region size 2048K, 11 young (22528K), 0 survivors (0K)
 Metaspace       used 4547K, committed 4800K, reserved 1114112K
  class space    used 498K, committed 640K, reserved 1048576K
}
Event: 0.438 GC heap after
{Heap after GC invocations=1 (full 0):
 garbage-first heap   total 258048K, used 2687K [0x0000000704e00000, 0x0000000800000000)
  region size 2048K, 2 young (4096K), 2 survivors (4096K)
 Metaspace       used 4547K, committed 4800K, reserved 1114112K
  class space    used 498K, committed 640K, reserved 1048576K
}
Event: 0.856 GC heap before
{Heap before GC invocations=1 (full 0):
 garbage-first heap   total 258048K, used 39551K [0x0000000704e00000, 0x0000000800000000)
  region size 2048K, 20 young (40960K), 2 survivors (4096K)
 Metaspace       used 14751K, committed 15104K, reserved 1114112K
  class space    used 2187K, committed 2368K, reserved 1048576K
}
Event: 0.862 GC heap after
{Heap after GC invocations=2 (full 0):
 garbage-first heap   total 258048K, used 9541K [0x0000000704e00000, 0x0000000800000000)
  region size 2048K, 3 young (6144K), 3 survivors (6144K)
 Metaspace       used 14751K, committed 15104K, reserved 1114112K
  class space    used 2187K, committed 2368K, reserved 1048576K
}

Dll operation events (20 events):
Event: 0.254 Loaded shared library C:\Users\JKING.SEATINGCONCEPTS\.openjfx\cache\19.0.2+1\amd64\api-ms-win-crt-locale-l1-1-0.dll
Event: 0.257 Loaded shared library C:\Users\JKING.SEATINGCONCEPTS\.openjfx\cache\19.0.2+1\amd64\api-ms-win-crt-math-l1-1-0.dll
Event: 0.262 Loaded shared library C:\Users\JKING.SEATINGCONCEPTS\.openjfx\cache\19.0.2+1\amd64\api-ms-win-crt-multibyte-l1-1-0.dll
Event: 0.265 Loaded shared library C:\Users\JKING.SEATINGCONCEPTS\.openjfx\cache\19.0.2+1\amd64\api-ms-win-crt-private-l1-1-0.dll
Event: 0.267 Loaded shared library C:\Users\JKING.SEATINGCONCEPTS\.openjfx\cache\19.0.2+1\amd64\api-ms-win-crt-process-l1-1-0.dll
Event: 0.270 Loaded shared library C:\Users\JKING.SEATINGCONCEPTS\.openjfx\cache\19.0.2+1\amd64\api-ms-win-crt-runtime-l1-1-0.dll
Event: 0.272 Loaded shared library C:\Users\JKING.SEATINGCONCEPTS\.openjfx\cache\19.0.2+1\amd64\api-ms-win-crt-stdio-l1-1-0.dll
Event: 0.274 Loaded shared library C:\Users\JKING.SEATINGCONCEPTS\.openjfx\cache\19.0.2+1\amd64\api-ms-win-crt-string-l1-1-0.dll
Event: 0.276 Loaded shared library C:\Users\JKING.SEATINGCONCEPTS\.openjfx\cache\19.0.2+1\amd64\api-ms-win-crt-time-l1-1-0.dll
Event: 0.278 Loaded shared library C:\Users\JKING.SEATINGCONCEPTS\.openjfx\cache\19.0.2+1\amd64\api-ms-win-crt-utility-l1-1-0.dll
Event: 0.285 Loaded shared library C:\Users\JKING.SEATINGCONCEPTS\.openjfx\cache\19.0.2+1\amd64\ucrtbase.dll
Event: 0.287 Loaded shared library C:\Users\JKING.SEATINGCONCEPTS\.openjfx\cache\19.0.2+1\amd64\vcruntime140.dll
Event: 0.288 Loaded shared library C:\Users\JKING.SEATINGCONCEPTS\.openjfx\cache\19.0.2+1\amd64\vcruntime140_1.dll
Event: 0.293 Loaded shared library C:\Users\JKING.SEATINGCONCEPTS\.openjfx\cache\19.0.2+1\amd64\msvcp140.dll
Event: 0.295 Loaded shared library C:\Users\JKING.SEATINGCONCEPTS\.openjfx\cache\19.0.2+1\amd64\msvcp140_1.dll
Event: 0.297 Loaded shared library C:\Users\JKING.SEATINGCONCEPTS\.openjfx\cache\19.0.2+1\amd64\msvcp140_2.dll
Event: 0.316 Loaded shared library C:\Users\JKING.SEATINGCONCEPTS\.openjfx\cache\19.0.2+1\amd64\prism_d3d.dll
Event: 0.375 Loaded shared library C:\Users\JKING.SEATINGCONCEPTS\.openjfx\cache\19.0.2+1\amd64\glass.dll
Event: 0.446 Loaded shared library C:\Java\jdk-19.0.2\bin\jimage.dll
Event: 0.553 Loaded shared library C:\Users\JKING.SEATINGCONCEPTS\.openjfx\cache\19.0.2+1\amd64\javafx_font.dll

Deoptimization events (20 events):
Event: 4.455 Thread 0x0000024579fad960 Uncommon trap: trap_request=0xffffffd6 fr.pc=0x00000245608ee330 relative=0x0000000000001650
Event: 4.455 Thread 0x0000024579fad960 Uncommon trap: reason=array_check action=maybe_recompile pc=0x00000245608ee330 method=javafx.css.SimpleSelector.applies(Ljavafx/css/Styleable;[Ljava/util/Set;I)Z @ 37 c2
Event: 4.455 Thread 0x0000024579fad960 DEOPT PACKING pc=0x00000245608ee330 sp=0x0000009549af96d0
Event: 4.455 Thread 0x0000024579fad960 DEOPT UNPACKING pc=0x00000245602a6da3 sp=0x0000009549af96c8 mode 2
Event: 4.455 Thread 0x0000024579fad960 Uncommon trap: trap_request=0xffffffd6 fr.pc=0x00000245608ee330 relative=0x0000000000001650
Event: 4.455 Thread 0x0000024579fad960 Uncommon trap: reason=array_check action=maybe_recompile pc=0x00000245608ee330 method=javafx.css.SimpleSelector.applies(Ljavafx/css/Styleable;[Ljava/util/Set;I)Z @ 37 c2
Event: 4.455 Thread 0x0000024579fad960 DEOPT PACKING pc=0x00000245608ee330 sp=0x0000009549af9650
Event: 4.455 Thread 0x0000024579fad960 DEOPT UNPACKING pc=0x00000245602a6da3 sp=0x0000009549af9648 mode 2
Event: 4.455 Thread 0x0000024579fad960 Uncommon trap: trap_request=0xffffffd6 fr.pc=0x00000245608ee330 relative=0x0000000000001650
Event: 4.455 Thread 0x0000024579fad960 Uncommon trap: reason=array_check action=maybe_recompile pc=0x00000245608ee330 method=javafx.css.SimpleSelector.applies(Ljavafx/css/Styleable;[Ljava/util/Set;I)Z @ 37 c2
Event: 4.455 Thread 0x0000024579fad960 DEOPT PACKING pc=0x00000245608ee330 sp=0x0000009549af96d0
Event: 4.455 Thread 0x0000024579fad960 DEOPT UNPACKING pc=0x00000245602a6da3 sp=0x0000009549af96c8 mode 2
Event: 4.574 Thread 0x0000024578eee460 DEOPT PACKING pc=0x000002455908d783 sp=0x00000095494fca60
Event: 4.574 Thread 0x0000024578eee460 DEOPT UNPACKING pc=0x00000245602a7543 sp=0x00000095494fbe80 mode 0
Event: 4.599 Thread 0x0000024578eee460 DEOPT PACKING pc=0x0000024559047ac2 sp=0x00000095494fcd40
Event: 4.599 Thread 0x0000024578eee460 DEOPT UNPACKING pc=0x00000245602a7543 sp=0x00000095494fc1d0 mode 0
Event: 4.602 Thread 0x0000024578eee460 DEOPT PACKING pc=0x00000245590de377 sp=0x00000095494fca20
Event: 4.602 Thread 0x0000024578eee460 DEOPT UNPACKING pc=0x00000245602a7543 sp=0x00000095494fbe88 mode 0
Event: 4.607 Thread 0x0000024578eee460 DEOPT PACKING pc=0x00000245590de377 sp=0x00000095494fc980
Event: 4.607 Thread 0x0000024578eee460 DEOPT UNPACKING pc=0x00000245602a7543 sp=0x00000095494fbde8 mode 0

Classes loaded (20 events):
Event: 3.390 Loading class sun/text/CompactByteArray
Event: 3.390 Loading class sun/text/CompactByteArray done
Event: 3.390 Loading class sun/text/SupplementaryCharacterData
Event: 3.390 Loading class sun/text/SupplementaryCharacterData done
Event: 3.390 Loading class java/text/BreakIterator$BreakIteratorCache
Event: 3.391 Loading class java/text/BreakIterator$BreakIteratorCache done
Event: 3.391 Loading class java/text/StringCharacterIterator
Event: 3.391 Loading class java/text/StringCharacterIterator done
Event: 4.232 Loading class java/time/DateTimeException
Event: 4.232 Loading class java/time/DateTimeException done
Event: 4.233 Loading class java/time/format/FormatStyle
Event: 4.233 Loading class java/time/format/FormatStyle done
Event: 4.241 Loading class java/util/BitSet
Event: 4.241 Loading class java/util/BitSet done
Event: 4.241 Loading class java/util/BitSet$1BitSetSpliterator
Event: 4.241 Loading class java/util/BitSet$1BitSetSpliterator done
Event: 4.241 Loading class java/util/stream/IntPipeline$1
Event: 4.242 Loading class java/util/stream/IntPipeline$1 done
Event: 4.242 Loading class java/util/stream/IntPipeline$1$1
Event: 4.242 Loading class java/util/stream/IntPipeline$1$1 done

Classes unloaded (0 events):
No events

Classes redefined (0 events):
No events

Internal exceptions (20 events):
Event: 0.736 Thread 0x0000024579fad960 Exception <a 'java/lang/IncompatibleClassChangeError'{0x0000000712a0b1c0}: Found class java.lang.Object, but interface was expected> (0x0000000712a0b1c0) 
thrown [s\open\src\hotspot\share\interpreter\linkResolver.cpp, line 841]
Event: 0.737 Thread 0x0000024579fad960 Implicit null exception at 0x000002456085c0af to 0x000002456085c318
Event: 0.791 Thread 0x0000024579fad960 Exception <a 'java/lang/NoSuchMethodError'{0x0000000712791ad8}: 'int java.lang.invoke.DirectMethodHandle$Holder.invokeSpecial(java.lang.Object, java.lang.Object, int)'> (0x0000000712791ad8) 
thrown [s\open\src\hotspot\share\interpreter\linkResolver.cpp, line 774]
Event: 0.797 Thread 0x0000024579fad960 Exception <a 'java/lang/NoSuchMethodError'{0x00000007127e5028}: 'java.lang.Object java.lang.invoke.DirectMethodHandle$Holder.newInvokeSpecial(java.lang.Object, java.lang.Object, int)'> (0x00000007127e5028) 
thrown [s\open\src\hotspot\share\interpreter\linkResolver.cpp, line 774]
Event: 0.813 Thread 0x0000024578eee460 Exception <a 'java/lang/NoSuchMethodError'{0x000000071244e200}: 'int java.lang.invoke.DirectMethodHandle$Holder.invokeStaticInit(java.lang.Object, java.lang.Object)'> (0x000000071244e200) 
thrown [s\open\src\hotspot\share\interpreter\linkResolver.cpp, line 774]
Event: 0.819 Thread 0x0000024579fad960 Exception <a 'java/lang/NoSuchMethodError'{0x00000007124d7f28}: 'long java.lang.invoke.DirectMethodHandle$Holder.invokeStatic(java.lang.Object, java.lang.Object, java.lang.Object)'> (0x00000007124d7f28) 
thrown [s\open\src\hotspot\share\interpreter\linkResolver.cpp, line 774]
Event: 0.819 Thread 0x0000024579fad960 Exception <a 'java/lang/NoSuchMethodError'{0x00000007124db850}: 'long java.lang.invoke.DirectMethodHandle$Holder.invokeStaticInit(java.lang.Object, java.lang.Object, java.lang.Object)'> (0x00000007124db850) 
thrown [s\open\src\hotspot\share\interpreter\linkResolver.cpp, line 774]
Event: 0.822 Thread 0x0000024579fad960 Exception <a 'java/lang/NoSuchMethodError'{0x00000007124f3ea8}: 'java.lang.Object java.lang.invoke.DirectMethodHandle$Holder.newInvokeSpecial(java.lang.Object, java.lang.Object, long)'> (0x00000007124f3ea8) 
thrown [s\open\src\hotspot\share\interpreter\linkResolver.cpp, line 774]
Event: 0.822 Thread 0x0000024579fad960 Exception <a 'java/lang/NoSuchMethodError'{0x00000007124f7a30}: 'java.lang.Object java.lang.invoke.Invokers$Holder.linkToTargetMethod(java.lang.Object, long, java.lang.Object)'> (0x00000007124f7a30) 
thrown [s\open\src\hotspot\share\interpreter\linkResolver.cpp, line 774]
Event: 0.825 Thread 0x0000024578eee460 Exception <a 'java/lang/NoSuchMethodError'{0x000000071251b558}: 'java.lang.Object java.lang.invoke.Invokers$Holder.invokeExact_MT(java.lang.Object, java.lang.Object, java.lang.Object, java.lang.Object, java.lang.Object)'> (0x000000071251b558) 
thrown [s\open\src\hotspot\share\interpreter\linkResolver.cpp, line 774]
Event: 4.322 Thread 0x0000024579fad960 Exception <a 'java/lang/ClassNotFoundException'{0x0000000714042bf0}: com/sun/javafx/scene/control/skin/resources/controls-nt> (0x0000000714042bf0) 
thrown [s\open\src\hotspot\share\prims\jni.cpp, line 536]
Event: 4.323 Thread 0x0000024579fad960 Exception <a 'java/lang/ClassNotFoundException'{0x000000071404b868}: com/sun/javafx/scene/control/skin/resources/controls-nt_en> (0x000000071404b868) 
thrown [s\open\src\hotspot\share\prims\jni.cpp, line 536]
Event: 4.323 Thread 0x0000024579fad960 Exception <a 'java/lang/ClassNotFoundException'{0x000000071404d418}: com/sun/javafx/scene/control/skin/resources/controls-nt_en_US> (0x000000071404d418) 
thrown [s\open\src\hotspot\share\prims\jni.cpp, line 536]
Event: 4.427 Thread 0x0000024579fad960 Exception <a 'java/lang/NoSuchMethodError'{0x0000000713d8ddd8}: 'void java.lang.invoke.DirectMethodHandle$Holder.invokeSpecialIFC(java.lang.Object, java.lang.Object, java.lang.Object, java.lang.Object)'> (0x0000000713d8ddd8) 
thrown [s\open\src\hotspot\share\interpreter\linkResolver.cpp, line 774]
Event: 4.495 Thread 0x0000024579fad960 Exception <a 'java/lang/NoSuchMethodError'{0x00000007136ac838}: 'void java.lang.invoke.DirectMethodHandle$Holder.invokeSpecial(java.lang.Object, java.lang.Object, int, int)'> (0x00000007136ac838) 
thrown [s\open\src\hotspot\share\interpreter\linkResolver.cpp, line 774]
Event: 4.496 Thread 0x0000024579fad960 Exception <a 'java/lang/NoSuchMethodError'{0x00000007136b3590}: 'java.lang.Object java.lang.invoke.DirectMethodHandle$Holder.newInvokeSpecial(java.lang.Object, java.lang.Object, int, int)'> (0x00000007136b3590) 
thrown [s\open\src\hotspot\share\interpreter\linkResolver.cpp, line 774]
Event: 4.496 Thread 0x0000024579fad960 Exception <a 'java/lang/NoSuchMethodError'{0x00000007136b7cf8}: 'java.lang.Object java.lang.invoke.DirectMethodHandle$Holder.invokeSpecial(java.lang.Object, java.lang.Object, java.lang.Object, int, int)'> (0x00000007136b7cf8) 
thrown [s\open\src\hotspot\share\interpreter\linkResolver.cpp, line 774]
Event: 5.869 Thread 0x0000024579fad960 Exception <a 'java/lang/NoSuchMethodError'{0x00000007137939e8}: 'java.lang.Object java.lang.invoke.DirectMethodHandle$Holder.newInvokeSpecial(java.lang.Object, java.lang.Object, int, int, int, int, int, java.lang.Object)'> (0x00000007137939e8) 
thrown [s\open\src\hotspot\share\interpreter\linkResolver.cpp, line 774]
Event: 5.871 Thread 0x0000024579fad960 Exception <a 'java/lang/NoSuchMethodError'{0x00000007137a71e0}: 'java.lang.Object java.lang.invoke.DirectMethodHandle$Holder.newInvokeSpecial(java.lang.Object, java.lang.Object, java.lang.Object, int, int, int, int, int)'> (0x00000007137a71e0) 
thrown [s\open\src\hotspot\share\interpreter\linkResolver.cpp, line 774]
Event: 5.872 Thread 0x0000024579fad960 Exception <a 'java/lang/NoSuchMethodError'{0x00000007137af260}: 'java.lang.Object java.lang.invoke.Invokers$Holder.linkToTargetMethod(java.lang.Object, java.lang.Object, int, int, int, int, int, java.lang.Object)'> (0x00000007137af260) 
thrown [s\open\src\hotspot\share\interpreter\linkResolver.cpp, line 774]

VM Operations (20 events):
Event: 3.862 Executing VM operation: Cleanup done
Event: 4.364 Executing VM operation: ICBufferFull
Event: 4.365 Executing VM operation: ICBufferFull done
Event: 4.519 Executing VM operation: HandshakeAllThreads
Event: 4.519 Executing VM operation: HandshakeAllThreads done
Event: 4.562 Executing VM operation: ICBufferFull
Event: 4.562 Executing VM operation: ICBufferFull done
Event: 6.565 Executing VM operation: Cleanup
Event: 6.566 Executing VM operation: Cleanup done
Event: 9.567 Executing VM operation: Cleanup
Event: 9.568 Executing VM operation: Cleanup done
Event: 10.568 Executing VM operation: Cleanup
Event: 10.568 Executing VM operation: Cleanup done
Event: 11.569 Executing VM operation: Cleanup
Event: 11.569 Executing VM operation: Cleanup done
Event: 13.569 Executing VM operation: Cleanup
Event: 13.570 Executing VM operation: Cleanup done
Event: 14.570 Executing VM operation: Cleanup
Event: 14.570 Executing VM operation: Cleanup done
Event: 14.688 Executing VM operation: Exit

Events (20 events):
Event: 0.068 Thread 0x0000024578936350 Thread added: 0x0000024578936350
Event: 0.129 Thread 0x0000024578becce0 Thread added: 0x0000024578becce0
Event: 0.310 Thread 0x0000024578eee460 Thread added: 0x0000024578eee460
Event: 0.376 Thread 0x0000024579f9ea70 Thread added: 0x0000024579f9ea70
Event: 0.377 Thread 0x0000024579fad960 Thread added: 0x0000024579fad960
Event: 0.426 Thread 0x000002457a035b60 Thread added: 0x000002457a035b60
Event: 0.433 Thread 0x000002457a26fc60 Thread added: 0x000002457a26fc60
Event: 0.745 Thread 0x000002457a6cf5b0 Thread added: 0x000002457a6cf5b0
Event: 0.834 Thread 0x000002457a6d0af0 Thread added: 0x000002457a6d0af0
Event: 1.057 Thread 0x0000024578936350 Thread exited: 0x0000024578936350
Event: 1.073 Thread 0x00000245788cf820 Thread exited: 0x00000245788cf820
Event: 4.258 Thread 0x000002457ab95890 Thread added: 0x000002457ab95890
Event: 4.487 Thread 0x0000024506839900 Thread added: 0x0000024506839900
Event: 4.728 Thread 0x0000024506839900 Thread exited: 0x0000024506839900
Event: 4.728 Thread 0x000002457ab95890 Thread exited: 0x000002457ab95890
Event: 14.687 Thread 0x000002457a6d1ae0 Thread added: 0x000002457a6d1ae0
Event: 14.687 Thread 0x000002457a6d2030 Thread added: 0x000002457a6d2030
Event: 14.687 Thread 0x000002457a6d2030 Thread exited: 0x000002457a6d2030
Event: 14.688 Thread 0x000002457a6d1ae0 Thread exited: 0x000002457a6d1ae0
Event: 14.688 Thread 0x0000024578808880 Thread exited: 0x0000024578808880


Dynamic libraries:
0x00007ff60d7d0000 - 0x00007ff60d7de000 	C:\Java\jdk-19.0.2\bin\java.exe
0x00007ffd3f9f0000 - 0x00007ffd3fc04000 	C:\Windows\SYSTEM32\ntdll.dll
0x00007ffd3d850000 - 0x00007ffd3d912000 	C:\Windows\System32\KERNEL32.DLL
0x00007ffd3d2b0000 - 0x00007ffd3d653000 	C:\Windows\System32\KERNELBASE.dll
0x00007ffd3ceb0000 - 0x00007ffd3cfc1000 	C:\Windows\System32\ucrtbase.dll
0x00007ffd1a660000 - 0x00007ffd1a677000 	C:\Java\jdk-19.0.2\bin\jli.dll
0x00007ffd1b1e0000 - 0x00007ffd1b1fb000 	C:\Java\jdk-19.0.2\bin\VCRUNTIME140.dll
0x00007ffd3ecb0000 - 0x00007ffd3ee5a000 	C:\Windows\System32\USER32.dll
0x00007ffd3d160000 - 0x00007ffd3d186000 	C:\Windows\System32\win32u.dll
0x00007ffd3e480000 - 0x00007ffd3e4a9000 	C:\Windows\System32\GDI32.dll
0x00007ffd22720000 - 0x00007ffd229ae000 	C:\Windows\WinSxS\amd64_microsoft.windows.common-controls_6595b64144ccf1df_6.0.22621.1635_none_270f70857386168e\COMCTL32.dll
0x00007ffd3d190000 - 0x00007ffd3d2a9000 	C:\Windows\System32\gdi32full.dll
0x00007ffd3ea70000 - 0x00007ffd3eb17000 	C:\Windows\System32\msvcrt.dll
0x00007ffd3d0c0000 - 0x00007ffd3d15a000 	C:\Windows\System32\msvcp_win.dll
0x00007ffd3ea30000 - 0x00007ffd3ea61000 	C:\Windows\System32\IMM32.DLL
0x00007ffd1daa0000 - 0x00007ffd1daac000 	C:\Java\jdk-19.0.2\bin\vcruntime140_1.dll
0x00007ffd10b40000 - 0x00007ffd10bce000 	C:\Java\jdk-19.0.2\bin\msvcp140.dll
0x00007ffc72600000 - 0x00007ffc732c0000 	C:\Java\jdk-19.0.2\bin\server\jvm.dll
0x00007ffd3e250000 - 0x00007ffd3e2fe000 	C:\Windows\System32\ADVAPI32.dll
0x00007ffd3eef0000 - 0x00007ffd3ef94000 	C:\Windows\System32\sechost.dll
0x00007ffd3eb90000 - 0x00007ffd3eca7000 	C:\Windows\System32\RPCRT4.dll
0x00007ffd33610000 - 0x00007ffd33644000 	C:\Windows\SYSTEM32\WINMM.dll
0x00007ffcd1dc0000 - 0x00007ffcd1dc9000 	C:\Windows\SYSTEM32\WSOCK32.dll
0x00007ffd3d7d0000 - 0x00007ffd3d841000 	C:\Windows\System32\WS2_32.dll
0x00007ffd204a0000 - 0x00007ffd204aa000 	C:\Windows\SYSTEM32\VERSION.dll
0x00007ffd3bee0000 - 0x00007ffd3bef8000 	C:\Windows\SYSTEM32\kernel.appcore.dll
0x00007ffd1d9c0000 - 0x00007ffd1d9ca000 	C:\Java\jdk-19.0.2\bin\jimage.dll
0x00007ffd3b0f0000 - 0x00007ffd3b31e000 	C:\Windows\SYSTEM32\DBGHELP.DLL
0x00007ffd3f250000 - 0x00007ffd3f5d9000 	C:\Windows\System32\combase.dll
0x00007ffd3f170000 - 0x00007ffd3f247000 	C:\Windows\System32\OLEAUT32.dll
0x00007ffd19240000 - 0x00007ffd19272000 	C:\Windows\SYSTEM32\dbgcore.DLL
0x00007ffd3d040000 - 0x00007ffd3d0ba000 	C:\Windows\System32\bcryptPrimitives.dll
0x00007ffd1a2e0000 - 0x00007ffd1a306000 	C:\Java\jdk-19.0.2\bin\java.dll
0x00007ffcd5800000 - 0x00007ffcd58d7000 	C:\Java\jdk-19.0.2\bin\jsvml.dll
0x00007ffd3da50000 - 0x00007ffd3e249000 	C:\Windows\System32\SHELL32.dll
0x00007ffd3a820000 - 0x00007ffd3b0ee000 	C:\Windows\SYSTEM32\windows.storage.dll
0x00007ffd3a5d0000 - 0x00007ffd3a70e000 	C:\Windows\SYSTEM32\wintypes.dll
0x00007ffd3f8a0000 - 0x00007ffd3f991000 	C:\Windows\System32\SHCORE.dll
0x00007ffd3f5f0000 - 0x00007ffd3f64e000 	C:\Windows\System32\shlwapi.dll
0x00007ffd3cd20000 - 0x00007ffd3cd46000 	C:\Windows\SYSTEM32\profapi.dll
0x00007ffd1a2c0000 - 0x00007ffd1a2d3000 	C:\Java\jdk-19.0.2\bin\net.dll
0x00007ffd35d40000 - 0x00007ffd35e77000 	C:\Windows\SYSTEM32\WINHTTP.dll
0x00007ffd3c350000 - 0x00007ffd3c3b9000 	C:\Windows\system32\mswsock.dll
0x00007ffd19f60000 - 0x00007ffd19f76000 	C:\Java\jdk-19.0.2\bin\nio.dll
0x00007ffd18ef0000 - 0x00007ffd18f08000 	C:\Java\jdk-19.0.2\bin\zip.dll
0x000002454edb0000 - 0x000002454edb3000 	C:\Users\JKING.SEATINGCONCEPTS\.openjfx\cache\19.0.2+1\amd64\api-ms-win-core-console-l1-1-0.dll
0x000002454edc0000 - 0x000002454edc3000 	C:\Users\JKING.SEATINGCONCEPTS\.openjfx\cache\19.0.2+1\amd64\api-ms-win-core-console-l1-2-0.dll
0x0000024550d40000 - 0x0000024550d43000 	C:\Users\JKING.SEATINGCONCEPTS\.openjfx\cache\19.0.2+1\amd64\api-ms-win-core-datetime-l1-1-0.dll
0x0000024550d50000 - 0x0000024550d53000 	C:\Users\JKING.SEATINGCONCEPTS\.openjfx\cache\19.0.2+1\amd64\api-ms-win-core-debug-l1-1-0.dll
0x0000024550d60000 - 0x0000024550d63000 	C:\Users\JKING.SEATINGCONCEPTS\.openjfx\cache\19.0.2+1\amd64\api-ms-win-core-errorhandling-l1-1-0.dll
0x0000024550d70000 - 0x0000024550d74000 	C:\Users\JKING.SEATINGCONCEPTS\.openjfx\cache\19.0.2+1\amd64\api-ms-win-core-file-l1-1-0.dll
0x0000024574540000 - 0x0000024574543000 	C:\Users\JKING.SEATINGCONCEPTS\.openjfx\cache\19.0.2+1\amd64\api-ms-win-core-file-l1-2-0.dll
0x0000024574550000 - 0x0000024574553000 	C:\Users\JKING.SEATINGCONCEPTS\.openjfx\cache\19.0.2+1\amd64\api-ms-win-core-file-l2-1-0.dll
0x0000024574560000 - 0x0000024574563000 	C:\Users\JKING.SEATINGCONCEPTS\.openjfx\cache\19.0.2+1\amd64\api-ms-win-core-handle-l1-1-0.dll
0x0000024574570000 - 0x0000024574573000 	C:\Users\JKING.SEATINGCONCEPTS\.openjfx\cache\19.0.2+1\amd64\api-ms-win-core-heap-l1-1-0.dll
0x0000024574580000 - 0x0000024574583000 	C:\Users\JKING.SEATINGCONCEPTS\.openjfx\cache\19.0.2+1\amd64\api-ms-win-core-interlocked-l1-1-0.dll
0x0000024574590000 - 0x0000024574593000 	C:\Users\JKING.SEATINGCONCEPTS\.openjfx\cache\19.0.2+1\amd64\api-ms-win-core-libraryloader-l1-1-0.dll
0x00000245745a0000 - 0x00000245745a3000 	C:\Users\JKING.SEATINGCONCEPTS\.openjfx\cache\19.0.2+1\amd64\api-ms-win-core-localization-l1-2-0.dll
0x00000245745b0000 - 0x00000245745b3000 	C:\Users\JKING.SEATINGCONCEPTS\.openjfx\cache\19.0.2+1\amd64\api-ms-win-core-memory-l1-1-0.dll
0x00000245745c0000 - 0x00000245745c3000 	C:\Users\JKING.SEATINGCONCEPTS\.openjfx\cache\19.0.2+1\amd64\api-ms-win-core-namedpipe-l1-1-0.dll
0x00000245745d0000 - 0x00000245745d3000 	C:\Users\JKING.SEATINGCONCEPTS\.openjfx\cache\19.0.2+1\amd64\api-ms-win-core-processenvironment-l1-1-0.dll
0x00000245745e0000 - 0x00000245745e3000 	C:\Users\JKING.SEATINGCONCEPTS\.openjfx\cache\19.0.2+1\amd64\api-ms-win-core-processthreads-l1-1-0.dll
0x00000245745f0000 - 0x00000245745f3000 	C:\Users\JKING.SEATINGCONCEPTS\.openjfx\cache\19.0.2+1\amd64\api-ms-win-core-processthreads-l1-1-1.dll
0x0000024574600000 - 0x0000024574603000 	C:\Users\JKING.SEATINGCONCEPTS\.openjfx\cache\19.0.2+1\amd64\api-ms-win-core-profile-l1-1-0.dll
0x0000024574610000 - 0x0000024574613000 	C:\Users\JKING.SEATINGCONCEPTS\.openjfx\cache\19.0.2+1\amd64\api-ms-win-core-rtlsupport-l1-1-0.dll
0x0000024574620000 - 0x0000024574623000 	C:\Users\JKING.SEATINGCONCEPTS\.openjfx\cache\19.0.2+1\amd64\api-ms-win-core-string-l1-1-0.dll
0x0000024574630000 - 0x0000024574633000 	C:\Users\JKING.SEATINGCONCEPTS\.openjfx\cache\19.0.2+1\amd64\api-ms-win-core-synch-l1-1-0.dll
0x0000024574640000 - 0x0000024574643000 	C:\Users\JKING.SEATINGCONCEPTS\.openjfx\cache\19.0.2+1\amd64\api-ms-win-core-synch-l1-2-0.dll
0x0000024574650000 - 0x0000024574653000 	C:\Users\JKING.SEATINGCONCEPTS\.openjfx\cache\19.0.2+1\amd64\api-ms-win-core-sysinfo-l1-1-0.dll
0x0000024574660000 - 0x0000024574663000 	C:\Users\JKING.SEATINGCONCEPTS\.openjfx\cache\19.0.2+1\amd64\api-ms-win-core-timezone-l1-1-0.dll
0x0000024574670000 - 0x0000024574673000 	C:\Users\JKING.SEATINGCONCEPTS\.openjfx\cache\19.0.2+1\amd64\api-ms-win-core-util-l1-1-0.dll
0x0000024574680000 - 0x0000024574683000 	C:\Users\JKING.SEATINGCONCEPTS\.openjfx\cache\19.0.2+1\amd64\api-ms-win-crt-conio-l1-1-0.dll
0x0000024574690000 - 0x0000024574694000 	C:\Users\JKING.SEATINGCONCEPTS\.openjfx\cache\19.0.2+1\amd64\api-ms-win-crt-convert-l1-1-0.dll
0x00000245746a0000 - 0x00000245746a3000 	C:\Users\JKING.SEATINGCONCEPTS\.openjfx\cache\19.0.2+1\amd64\api-ms-win-crt-environment-l1-1-0.dll
0x00000245746b0000 - 0x00000245746b3000 	C:\Users\JKING.SEATINGCONCEPTS\.openjfx\cache\19.0.2+1\amd64\api-ms-win-crt-filesystem-l1-1-0.dll
0x00000245746c0000 - 0x00000245746c3000 	C:\Users\JKING.SEATINGCONCEPTS\.openjfx\cache\19.0.2+1\amd64\api-ms-win-crt-heap-l1-1-0.dll
0x00000245746d0000 - 0x00000245746d3000 	C:\Users\JKING.SEATINGCONCEPTS\.openjfx\cache\19.0.2+1\amd64\api-ms-win-crt-locale-l1-1-0.dll
0x00000245746e0000 - 0x00000245746e5000 	C:\Users\JKING.SEATINGCONCEPTS\.openjfx\cache\19.0.2+1\amd64\api-ms-win-crt-math-l1-1-0.dll
0x00000245746f0000 - 0x00000245746f5000 	C:\Users\JKING.SEATINGCONCEPTS\.openjfx\cache\19.0.2+1\amd64\api-ms-win-crt-multibyte-l1-1-0.dll
0x0000024574700000 - 0x0000024574710000 	C:\Users\JKING.SEATINGCONCEPTS\.openjfx\cache\19.0.2+1\amd64\api-ms-win-crt-private-l1-1-0.dll
0x0000024574710000 - 0x0000024574713000 	C:\Users\JKING.SEATINGCONCEPTS\.openjfx\cache\19.0.2+1\amd64\api-ms-win-crt-process-l1-1-0.dll
0x0000024574720000 - 0x0000024574724000 	C:\Users\JKING.SEATINGCONCEPTS\.openjfx\cache\19.0.2+1\amd64\api-ms-win-crt-runtime-l1-1-0.dll
0x0000024574730000 - 0x0000024574734000 	C:\Users\JKING.SEATINGCONCEPTS\.openjfx\cache\19.0.2+1\amd64\api-ms-win-crt-stdio-l1-1-0.dll
0x0000024574740000 - 0x0000024574744000 	C:\Users\JKING.SEATINGCONCEPTS\.openjfx\cache\19.0.2+1\amd64\api-ms-win-crt-string-l1-1-0.dll
0x0000024574750000 - 0x0000024574753000 	C:\Users\JKING.SEATINGCONCEPTS\.openjfx\cache\19.0.2+1\amd64\api-ms-win-crt-time-l1-1-0.dll
0x0000024574760000 - 0x0000024574763000 	C:\Users\JKING.SEATINGCONCEPTS\.openjfx\cache\19.0.2+1\amd64\api-ms-win-crt-utility-l1-1-0.dll
0x00007ffcf2c40000 - 0x00007ffcf2d3c000 	C:\Users\JKING.SEATINGCONCEPTS\.openjfx\cache\19.0.2+1\amd64\ucrtbase.dll
0x00007ffd38440000 - 0x00007ffd3845b000 	C:\Users\JKING.SEATINGCONCEPTS\.openjfx\cache\19.0.2+1\amd64\vcruntime140.dll
0x00007ffd38430000 - 0x00007ffd3843c000 	C:\Users\JKING.SEATINGCONCEPTS\.openjfx\cache\19.0.2+1\amd64\vcruntime140_1.dll
0x00007ffd1a3a0000 - 0x00007ffd1a42e000 	C:\Users\JKING.SEATINGCONCEPTS\.openjfx\cache\19.0.2+1\amd64\msvcp140.dll
0x00007ffd30cd0000 - 0x00007ffd30cd9000 	C:\Users\JKING.SEATINGCONCEPTS\.openjfx\cache\19.0.2+1\amd64\msvcp140_1.dll
0x00007ffd22540000 - 0x00007ffd22570000 	C:\Users\JKING.SEATINGCONCEPTS\.openjfx\cache\19.0.2+1\amd64\msvcp140_2.dll
0x00007ffd1a370000 - 0x00007ffd1a39c000 	C:\Users\JKING.SEATINGCONCEPTS\.openjfx\cache\19.0.2+1\amd64\prism_d3d.dll
0x00007ffcf79d0000 - 0x00007ffcf7b79000 	C:\Windows\system32\d3d9.dll
0x00007ffd39cf0000 - 0x00007ffd39d1b000 	C:\Windows\SYSTEM32\dwmapi.dll
0x00007ffd39d60000 - 0x00007ffd39d98000 	C:\Windows\SYSTEM32\dxcore.dll
0x00007ffd39a70000 - 0x00007ffd39b1b000 	C:\Windows\system32\uxtheme.dll
0x00007ffcfc730000 - 0x00007ffcfc7e9000 	C:\Windows\SYSTEM32\d3d9on12.dll
0x00007ffd39bd0000 - 0x00007ffd39cc6000 	C:\Windows\SYSTEM32\dxgi.dll
0x00007ffd1e420000 - 0x00007ffd1e443000 	C:\Windows\SYSTEM32\d3d12.dll
0x00007ffd3cab0000 - 0x00007ffd3cafe000 	C:\Windows\SYSTEM32\cfgmgr32.dll
0x00007ffcfbe30000 - 0x00007ffcfc032000 	C:\Windows\SYSTEM32\D3D12Core.dll
0x00007ffd17780000 - 0x00007ffd177a7000 	C:\Windows\System32\DriverStore\FileRepository\iigd_dch.inf_amd64_59f79440249c4183\igd12umd64.dll
0x00007ffc75310000 - 0x00007ffc75fc9000 	C:\Windows\System32\DriverStore\FileRepository\iigd_dch.inf_amd64_59f79440249c4183\igd12um64xel.dll
0x00007ffd3d660000 - 0x00007ffd3d7c7000 	C:\Windows\System32\CRYPT32.dll
0x00007ffd3f680000 - 0x00007ffd3f81c000 	C:\Windows\System32\ole32.dll
0x00007ffd3c790000 - 0x00007ffd3c7b8000 	C:\Windows\SYSTEM32\bcrypt.dll
0x00007ffcff9f0000 - 0x00007ffcffa34000 	C:\Windows\SYSTEM32\ControlLib.dll
0x00007ffd3e4b0000 - 0x00007ffd3e924000 	C:\Windows\System32\SETUPAPI.dll
0x00007ffd3cb00000 - 0x00007ffd3cb2c000 	C:\Windows\SYSTEM32\DEVOBJ.dll
0x00007ffd2d910000 - 0x00007ffd2d998000 	C:\Windows\System32\DriverStore\FileRepository\iigd_dch.inf_amd64_59f79440249c4183\IntelControlLib.dll
0x00007ffd3cfd0000 - 0x00007ffd3d03b000 	C:\Windows\System32\WINTRUST.dll
0x00007ffd3c690000 - 0x00007ffd3c6a2000 	C:\Windows\SYSTEM32\MSASN1.dll
0x00007ffd35680000 - 0x00007ffd356c8000 	C:\Windows\SYSTEM32\directxdatabasehelper.dll
0x00007ffd2d2d0000 - 0x00007ffd2d6e7000 	C:\Windows\System32\DriverStore\FileRepository\iigd_dch.inf_amd64_59f79440249c4183\igdgmm64.dll
0x00007ffd29010000 - 0x00007ffd2cd0c000 	C:\Windows\System32\DriverStore\FileRepository\iigd_dch.inf_amd64_59f79440249c4183\igc64.dll
0x00007ffd12870000 - 0x00007ffd1289f000 	C:\Windows\SYSTEM32\D3DSCache.dll
0x00007ffd3c3f0000 - 0x00007ffd3c41c000 	C:\Windows\SYSTEM32\USERENV.dll
0x00007ffc73f60000 - 0x00007ffc75305000 	C:\Windows\System32\DriverStore\FileRepository\iigd_dch.inf_amd64_59f79440249c4183\igd12dxva64.dll
0x00007ffcdba40000 - 0x00007ffcdd760000 	C:\Windows\System32\DriverStore\FileRepository\iigd_dch.inf_amd64_59f79440249c4183\media_bin_64.dll
0x00007ffd12c40000 - 0x00007ffd12c67000 	C:\Windows\System32\DriverStore\FileRepository\iigd_dch.inf_amd64_59f79440249c4183\igdinfo64.dll
0x00007ffd31e00000 - 0x00007ffd3206e000 	C:\Windows\SYSTEM32\twinapi.appcore.dll
0x00007ffd0e500000 - 0x00007ffd0e542000 	C:\Users\JKING.SEATINGCONCEPTS\.openjfx\cache\19.0.2+1\amd64\glass.dll
0x00007ffd3e930000 - 0x00007ffd3ea27000 	C:\Windows\System32\COMDLG32.dll
0x00007ffd3d920000 - 0x00007ffd3da47000 	C:\Windows\System32\MSCTF.dll
0x00007ffd0e490000 - 0x00007ffd0e4a4000 	C:\Users\JKING.SEATINGCONCEPTS\.openjfx\cache\19.0.2+1\amd64\javafx_font.dll
0x00007ffd38090000 - 0x00007ffd382f7000 	C:\Windows\SYSTEM32\dwrite.dll
0x00007ffd3e370000 - 0x00007ffd3e420000 	C:\Windows\System32\clbcatq.dll

dbghelp: loaded successfully - version: 4.0.5 - missing functions: none
symbol engine: initialized successfully - sym options: 0x614 - pdb path: .;C:\Java\jdk-19.0.2\bin;C:\Windows\SYSTEM32;C:\Windows\WinSxS\amd64_microsoft.windows.common-controls_6595b64144ccf1df_6.0.22621.1635_none_270f70857386168e;C:\Java\jdk-19.0.2\bin\server;C:\Users\JKING.SEATINGCONCEPTS\.openjfx\cache\19.0.2+1\amd64;C:\Windows\System32\DriverStore\FileRepository\iigd_dch.inf_amd64_59f79440249c4183;C:\Program Files\Common Files\Microsoft Shared\Ink

VM Arguments:
jvm_args: -Dfile.encoding=windows-1252 -Duser.country=US -Duser.language=en -Duser.variant --module-path=C:\Users\JKING.SEATINGCONCEPTS\IdeaProjects\LocalTicket\build\libs\LocalTicket-1.0-SNAPSHOT.jar;C:\Users\JKING.SEATINGCONCEPTS\IdeaProjects\LocalTicket\build\classes\java\main;C:\Users\JKING.SEATINGCONCEPTS\.gradle\caches\modules-2\files-2.1\org.openjfx\javafx-fxml\19.0.2\26eaef75197fa036624f61fe19e1f3a90089c1d4\javafx-fxml-19.0.2-win.jar;C:\Users\JKING.SEATINGCONCEPTS\.gradle\caches\modules-2\files-2.1\org.openjfx\javafx-controls\19.0.2\9bc2468448c2c6e8e56f6023fc6a9b5edc310676\javafx-controls-19.0.2-win.jar;C:\Users\JKING.SEATINGCONCEPTS\.gradle\caches\modules-2\files-2.1\org.openjfx\javafx-controls\19.0.2\9e0c1c543bc9d4ce4dc92e18849e065b15d550bd\javafx-controls-19.0.2.jar;C:\Users\JKING.SEATINGCONCEPTS\.gradle\caches\modules-2\files-2.1\org.openjfx\javafx-graphics\19.0.2\1115b4c69577f621e8ec0a52b925d267c1c1b4ec\javafx-graphics-19.0.2-win.jar;C:\Users\JKING.SEATINGCONCEPTS\.gradle\caches\modules-2\files-2.1\org.openjfx\javafx-graphics\19.0.2\fef4194305f4cb3c50437a389f18ee2b3df31444\javafx-graphics-19.0.2.jar;C:\Users\JKING.SEATINGCONCEPTS\.gradle\caches\modules-2\files-2.1\org.openjfx\javafx-base\19.0.2\2da75379d437ded92b6b39a43ec2ddbfdab85434\javafx-base-19.0.2-win.jar;C:\Users\JKING.SEATINGCONCEPTS\.gradle\caches\modules-2\files-2.1\org.openjfx\javafx-base\19.0.2\8d02216cf976b6092874d442f075ea796c848af2\javafx-base-19.0.2.jar;C:\Users\JKING.SEATINGCONCEPTS\.gradle\caches\modules-2\files-2.1\org.controlsfx\controlsfx\11.1.2\584bc3f468e2c33100fcdbb1daf0a3e095e5e031\controlsfx-11.1.2.jar;C:\Users\JKING.SEATINGCONCEPTS\.gradle\caches\modules-2\files-2.1\com.zaxxer\HikariCP\5.0.1\a74c7f0a37046846e88d54f7cb6ea6d565c65f9c\HikariCP-5.0.1.jar;C:\Users\JKING.SEATINGCONCEPTS\.gradle\caches\modules-2\files-2.1\org.xerial\sqlite-jdbc\3.42.0.0\a4c84376df810062d20c84777b84ec077b5ecdab\sqlite-jdbc-3.42.0.0.jar;C:\Users\JKING.SEATINGCONCEPTS\.gradle\caches\modules-2\files-2.1\commons-io\commons-io\2.13.0\8bb2bc9b4df17e2411533a0708a69f983bf5e83b\commons-io-2.13.0.ja-Djdk.module.main=io.jacobking.localticket 
java_command: io.jacobking.localticket/io.jacobking.localticket.LocalTicket
java_class_path (initial): C:\Users\JKING.SEATINGCONCEPTS\IdeaProjects\LocalTicket\build\resources\main
Launcher Type: SUN_STANDARD

[Global flags]
     intx CICompilerCount                          = 4                                         {product} {ergonomic}
     uint ConcGCThreads                            = 3                                         {product} {ergonomic}
     uint G1ConcRefinementThreads                  = 10                                        {product} {ergonomic}
   size_t G1HeapRegionSize                         = 2097152                                   {product} {ergonomic}
    uintx GCDrainStackTargetSize                   = 64                                        {product} {ergonomic}
   size_t InitialHeapSize                          = 264241152                                 {product} {ergonomic}
   size_t MarkStackSize                            = 4194304                                   {product} {ergonomic}
   size_t MaxHeapSize                              = 4213178368                                {product} {ergonomic}
   size_t MaxNewSize                               = 2527068160                                {product} {ergonomic}
   size_t MinHeapDeltaBytes                        = 2097152                                   {product} {ergonomic}
   size_t MinHeapSize                              = 8388608                                   {product} {ergonomic}
    uintx NonNMethodCodeHeapSize                   = 5839372                                {pd product} {ergonomic}
    uintx NonProfiledCodeHeapSize                  = 122909434                              {pd product} {ergonomic}
    uintx ProfiledCodeHeapSize                     = 122909434                              {pd product} {ergonomic}
    uintx ReservedCodeCacheSize                    = 251658240                              {pd product} {ergonomic}
     bool SegmentedCodeCache                       = true                                      {product} {ergonomic}
   size_t SoftMaxHeapSize                          = 4213178368                             {manageable} {ergonomic}
     bool UseCompressedClassPointers               = true                           {product lp64_product} {ergonomic}
     bool UseCompressedOops                        = true                           {product lp64_product} {ergonomic}
     bool UseG1GC                                  = true                                      {product} {ergonomic}
     bool UseLargePagesIndividualAllocation        = false                                  {pd product} {ergonomic}

Logging:
Log output configuration:
 #0: stdout all=off uptime,level,tags foldmultilines=false
 #1: stderr all=off uptime,level,tags foldmultilines=false

Environment Variables:
JAVA_HOME=C:\Java\jdk-19.0.2
PATH=C:\Python311\Scripts\;C:\Python311\;C:\Windows\system32;C:\Windows;C:\Windows\System32\Wbem;C:\Windows\System32\WindowsPowerShell\v1.0\;C:\Windows\System32\OpenSSH\;C:\Program Files\dotnet\;C:\Program Files\PuTTY\;C:\Program Files\Git\cmd;C:\Program Files\nodejs\;C:\ProgramData\chocolatey\bin;C:\gradle\gradle-8.2.1\bin;C:\Java\jdk-19.0.2\bin;C:\Users\JKING.SEATINGCONCEPTS\AppData\Local\Microsoft\WindowsApps;C:\Users\JKING.SEATINGCONCEPTS\AppData\Roaming\npm;C:\Program Files\JetBrains\IntelliJ IDEA 2023.1.4\bin;
USERNAME=jking
OS=Windows_NT
PROCESSOR_IDENTIFIER=Intel64 Family 6 Model 186 Stepping 3, GenuineIntel
TMP=C:\Users\JKING~1.SEA\AppData\Local\Temp
TEMP=C:\Users\JKING~1.SEA\AppData\Local\Temp



---------------  S Y S T E M  ---------------

OS:
 Windows 11 , 64 bit Build 22621 (10.0.22621.1928)
OS uptime: 0 days 1:08 hours
Hyper-V role detected

CPU: total 12 (initial active 12) (6 cores per cpu, 2 threads per core) family 6 model 186 stepping 3 microcode 0x4114, cx8, cmov, fxsr, ht, mmx, 3dnowpref, sse, sse2, sse3, ssse3, sse4.1, sse4.2, popcnt, lzcnt, tsc, tscinvbit, avx, avx2, aes, erms, clmul, bmi1, bmi2, adx, sha, fma, vzeroupper, clflush, clflushopt, clwb, hv, serialize, rdtscp, rdpid, fsrm

Memory: 4k page, system-wide physical 16068M (3133M free)
TotalPageFile size 26308M (AvailPageFile size 10108M)
current process WorkingSet (physical memory assigned to process): 308M, peak: 318M
current process commit charge ("private bytes"): 578M, peak: 591M

vm_info: OpenJDK 64-Bit Server VM (19.0.2+7-44) for windows-amd64 JRE (19.0.2+7-44), built on 2022-11-30T18:02:09Z by "mach5one" with MS VC++ 17.1 (VS2022)

END.
